<?xml version="1.0" encoding="UTF-8"?>
<testng-results ignored="0" total="1" passed="1" failed="0" skipped="0">
  <reporter-output>
  </reporter-output>
  <suite started-at="2023-02-06T21:00:19 IST" name="Suite" finished-at="2023-02-06T21:00:21 IST" duration-ms="1511">
    <groups>
    </groups>
    <test started-at="2023-02-06T21:00:19 IST" name="Test" finished-at="2023-02-06T21:00:21 IST" duration-ms="1511">
      <class name="Script.DataBase_Connection">
        <test-method signature="script()[pri:0, instance:Script.DataBase_Connection@6b8ca3c8]" started-at="2023-02-06T21:00:20 IST" name="script" finished-at="2023-02-06T21:00:21 IST" duration-ms="1359" status="PASS">
          <reporter-output>
          </reporter-output>
        </test-method> <!-- script -->
      </class> <!-- Script.DataBase_Connection -->
    </test> <!-- Test -->
  </suite> <!-- Suite -->
</testng-results>
