<?xml version="1.0" encoding="UTF-8"?>
<testng-results ignored="0" total="1" passed="1" failed="0" skipped="0">
  <reporter-output>
  </reporter-output>
  <suite started-at="2023-02-06T20:58:55 IST" name="Suite" finished-at="2023-02-06T20:58:57 IST" duration-ms="1159">
    <groups>
    </groups>
    <test started-at="2023-02-06T20:58:55 IST" name="Test" finished-at="2023-02-06T20:58:57 IST" duration-ms="1159">
      <class name="Script.DataBase_Connection">
        <test-method signature="script()[pri:0, instance:Script.DataBase_Connection@13b13b5d]" started-at="2023-02-06T20:58:56 IST" name="script" finished-at="2023-02-06T20:58:57 IST" duration-ms="1057" status="PASS">
          <reporter-output>
          </reporter-output>
        </test-method> <!-- script -->
      </class> <!-- Script.DataBase_Connection -->
    </test> <!-- Test -->
  </suite> <!-- Suite -->
</testng-results>
